This file contains any messages produced by compilers while
running configure, to aid debugging if configure makes a mistake.

It was created by configure, which was
generated by GNU Autoconf 2.61.  Invocation command line was

  $ /public/development/console/WidgetCurses/configure --enable-debug=full

## --------- ##
## Platform. ##
## --------- ##

hostname = linuxhsrv
uname -m = i686
uname -r = 2.6.27-7-generic
uname -s = Linux
uname -v = #1 SMP Fri Oct 24 06:42:44 UTC 2008

/usr/bin/uname -p = unknown
/bin/uname -X     = unknown

/bin/arch              = unknown
/usr/bin/arch -k       = unknown
/usr/convex/getsysinfo = unknown
/usr/bin/hostinfo      = unknown
/bin/machine           = unknown
/usr/bin/oslevel       = unknown
/bin/universe          = unknown

PATH: /usr/local/sbin
PATH: /usr/local/bin
PATH: /usr/sbin
PATH: /usr/bin
PATH: /sbin
PATH: /bin
PATH: /usr/games


## ----------- ##
## Core tests. ##
## ----------- ##

configure:1973: checking for a BSD-compatible install
configure:2029: result: /usr/bin/install -c
configure:2040: checking whether build environment is sane
configure:2083: result: yes
configure:2111: checking for a thread-safe mkdir -p
configure:2150: result: /bin/mkdir -p
configure:2163: checking for gawk
configure:2179: found /usr/bin/gawk
configure:2190: result: gawk
configure:2201: checking whether make sets $(MAKE)
configure:2222: result: yes
configure:2459: checking for gcc
configure:2475: found /usr/bin/gcc
configure:2486: result: gcc
configure:2724: checking for C compiler version
configure:2731: gcc --version >&5
gcc (Ubuntu 4.3.2-1ubuntu12) 4.3.2
Copyright (C) 2008 Free Software Foundation, Inc.
This is free software; see the source for copying conditions.  There is NO
warranty; not even for MERCHANTABILITY or FITNESS FOR A PARTICULAR PURPOSE.

configure:2734: $? = 0
configure:2741: gcc -v >&5
Using built-in specs.
Target: i486-linux-gnu
Configured with: ../src/configure -v --with-pkgversion='Ubuntu 4.3.2-1ubuntu12' --with-bugurl=file:///usr/share/doc/gcc-4.3/README.Bugs --enable-languages=c,c++,fortran,objc,obj-c++ --prefix=/usr --enable-shared --with-system-zlib --libexecdir=/usr/lib --without-included-gettext --enable-threads=posix --enable-nls --with-gxx-include-dir=/usr/include/c++/4.3 --program-suffix=-4.3 --enable-clocale=gnu --enable-libstdcxx-debug --enable-objc-gc --enable-mpfr --enable-targets=all --enable-checking=release --build=i486-linux-gnu --host=i486-linux-gnu --target=i486-linux-gnu
Thread model: posix
gcc version 4.3.2 (Ubuntu 4.3.2-1ubuntu12) 
configure:2744: $? = 0
configure:2751: gcc -V >&5
gcc: '-V' option must have argument
configure:2754: $? = 1
configure:2777: checking for C compiler default output file name
configure:2804: gcc    conftest.c  >&5
configure:2807: $? = 0
configure:2845: result: a.out
configure:2862: checking whether the C compiler works
configure:2872: ./a.out
configure:2875: $? = 0
configure:2892: result: yes
configure:2899: checking whether we are cross compiling
configure:2901: result: no
configure:2904: checking for suffix of executables
configure:2911: gcc -o conftest    conftest.c  >&5
configure:2914: $? = 0
configure:2938: result: 
configure:2944: checking for suffix of object files
configure:2970: gcc -c   conftest.c >&5
configure:2973: $? = 0
configure:2996: result: o
configure:3000: checking whether we are using the GNU C compiler
configure:3029: gcc -c   conftest.c >&5
configure:3035: $? = 0
configure:3052: result: yes
configure:3057: checking whether gcc accepts -g
configure:3087: gcc -c -g  conftest.c >&5
configure:3093: $? = 0
configure:3192: result: yes
configure:3209: checking for gcc option to accept ISO C89
configure:3283: gcc  -c -g -O2  conftest.c >&5
configure:3289: $? = 0
configure:3312: result: none needed
configure:3341: checking for style of include used by make
configure:3369: result: GNU
configure:3394: checking dependency style of gcc
configure:3485: result: gcc3
configure:3558: checking for g++
configure:3574: found /usr/bin/g++
configure:3585: result: g++
configure:3616: checking for C++ compiler version
configure:3623: g++ --version >&5
g++ (Ubuntu 4.3.2-1ubuntu12) 4.3.2
Copyright (C) 2008 Free Software Foundation, Inc.
This is free software; see the source for copying conditions.  There is NO
warranty; not even for MERCHANTABILITY or FITNESS FOR A PARTICULAR PURPOSE.

configure:3626: $? = 0
configure:3633: g++ -v >&5
Using built-in specs.
Target: i486-linux-gnu
Configured with: ../src/configure -v --with-pkgversion='Ubuntu 4.3.2-1ubuntu12' --with-bugurl=file:///usr/share/doc/gcc-4.3/README.Bugs --enable-languages=c,c++,fortran,objc,obj-c++ --prefix=/usr --enable-shared --with-system-zlib --libexecdir=/usr/lib --without-included-gettext --enable-threads=posix --enable-nls --with-gxx-include-dir=/usr/include/c++/4.3 --program-suffix=-4.3 --enable-clocale=gnu --enable-libstdcxx-debug --enable-objc-gc --enable-mpfr --enable-targets=all --enable-checking=release --build=i486-linux-gnu --host=i486-linux-gnu --target=i486-linux-gnu
Thread model: posix
gcc version 4.3.2 (Ubuntu 4.3.2-1ubuntu12) 
configure:3636: $? = 0
configure:3643: g++ -V >&5
g++: '-V' option must have argument
configure:3646: $? = 1
configure:3649: checking whether we are using the GNU C++ compiler
configure:3678: g++ -c -O0 -g3  conftest.cpp >&5
configure:3684: $? = 0
configure:3701: result: yes
configure:3706: checking whether g++ accepts -g
configure:3736: g++ -c -g  conftest.cpp >&5
configure:3742: $? = 0
configure:3841: result: yes
configure:3866: checking dependency style of g++
configure:3957: result: gcc3
configure:3985: checking for a BSD-compatible install
configure:4041: result: /usr/bin/install -c
configure:4052: checking whether make sets $(MAKE)
configure:4073: result: yes
configure:4113: checking build system type
configure:4131: result: i686-pc-linux-gnu
configure:4153: checking host system type
configure:4168: result: i686-pc-linux-gnu
configure:4190: checking for a sed that does not truncate output
configure:4269: result: /bin/sed
configure:4287: checking for grep that handles long lines and -e
configure:4361: result: /bin/grep
configure:4366: checking for egrep
configure:4444: result: /bin/grep -E
configure:4449: checking for fgrep
configure:4527: result: /bin/grep -F
configure:4562: checking for ld used by gcc
configure:4629: result: /usr/bin/ld
configure:4638: checking if the linker (/usr/bin/ld) is GNU ld
configure:4653: result: yes
configure:4665: checking for BSD- or MS-compatible name lister (nm)
configure:4714: result: /usr/bin/nm -B
configure:4836: checking the name lister (/usr/bin/nm -B) interface
configure:4843: gcc -c -g -O2  conftest.c >&5
configure:4846: /usr/bin/nm -B "conftest.o"
configure:4849: output
00000000 B some_variable
configure:4856: result: BSD nm
configure:4859: checking whether ln -s works
configure:4863: result: yes
configure:4871: checking the maximum length of command line arguments
configure:4991: result: 1572864
configure:5008: checking whether the shell understands some XSI constructs
configure:5018: result: yes
configure:5022: checking whether the shell understands "+="
configure:5028: result: yes
configure:5063: checking for /usr/bin/ld option to reload object files
configure:5070: result: -r
configure:5097: checking how to recognize dependent libraries
configure:5287: result: pass_all
configure:5347: checking for ar
configure:5363: found /usr/bin/ar
configure:5374: result: ar
configure:5456: checking for strip
configure:5472: found /usr/bin/strip
configure:5483: result: strip
configure:5559: checking for ranlib
configure:5575: found /usr/bin/ranlib
configure:5586: result: ranlib
configure:5680: checking command to parse /usr/bin/nm -B output from gcc object
configure:5798: gcc -c -g -O2  conftest.c >&5
configure:5801: $? = 0
configure:5805: /usr/bin/nm -B conftest.o \| sed -n -e 's/^.*[	 ]\([ABCDGIRSTW][ABCDGIRSTW]*\)[	 ][	 ]*\([_A-Za-z][_A-Za-z0-9]*\)$/\1 \2 \2/p' \> conftest.nm
configure:5808: $? = 0
configure:5862: gcc -o conftest -g -O2   conftest.c conftstm.o >&5
configure:5865: $? = 0
configure:5903: result: ok
configure:6782: checking how to run the C preprocessor
configure:6822: gcc -E  conftest.c
configure:6828: $? = 0
configure:6859: gcc -E  conftest.c
conftest.c:10:28: error: ac_nonexistent.h: No such file or directory
configure:6865: $? = 1
configure: failed program was:
| /* confdefs.h.  */
| #define PACKAGE_NAME ""
| #define PACKAGE_TARNAME ""
| #define PACKAGE_VERSION ""
| #define PACKAGE_STRING ""
| #define PACKAGE_BUGREPORT ""
| #define PACKAGE "widgetcurses"
| #define VERSION "0.1"
| /* end confdefs.h.  */
| #include <ac_nonexistent.h>
configure:6898: result: gcc -E
configure:6927: gcc -E  conftest.c
configure:6933: $? = 0
configure:6964: gcc -E  conftest.c
conftest.c:10:28: error: ac_nonexistent.h: No such file or directory
configure:6970: $? = 1
configure: failed program was:
| /* confdefs.h.  */
| #define PACKAGE_NAME ""
| #define PACKAGE_TARNAME ""
| #define PACKAGE_VERSION ""
| #define PACKAGE_STRING ""
| #define PACKAGE_BUGREPORT ""
| #define PACKAGE "widgetcurses"
| #define VERSION "0.1"
| /* end confdefs.h.  */
| #include <ac_nonexistent.h>
configure:7008: checking for ANSI C header files
configure:7038: gcc -c -g -O2  conftest.c >&5
configure:7044: $? = 0
configure:7143: gcc -o conftest -g -O2   conftest.c  >&5
configure:7146: $? = 0
configure:7152: ./conftest
configure:7155: $? = 0
configure:7172: result: yes
configure:7196: checking for sys/types.h
configure:7217: gcc -c -g -O2  conftest.c >&5
configure:7223: $? = 0
configure:7239: result: yes
configure:7196: checking for sys/stat.h
configure:7217: gcc -c -g -O2  conftest.c >&5
configure:7223: $? = 0
configure:7239: result: yes
configure:7196: checking for stdlib.h
configure:7217: gcc -c -g -O2  conftest.c >&5
configure:7223: $? = 0
configure:7239: result: yes
configure:7196: checking for string.h
configure:7217: gcc -c -g -O2  conftest.c >&5
configure:7223: $? = 0
configure:7239: result: yes
configure:7196: checking for memory.h
configure:7217: gcc -c -g -O2  conftest.c >&5
configure:7223: $? = 0
configure:7239: result: yes
configure:7196: checking for strings.h
configure:7217: gcc -c -g -O2  conftest.c >&5
configure:7223: $? = 0
configure:7239: result: yes
configure:7196: checking for inttypes.h
configure:7217: gcc -c -g -O2  conftest.c >&5
configure:7223: $? = 0
configure:7239: result: yes
configure:7196: checking for stdint.h
configure:7217: gcc -c -g -O2  conftest.c >&5
configure:7223: $? = 0
configure:7239: result: yes
configure:7196: checking for unistd.h
configure:7217: gcc -c -g -O2  conftest.c >&5
configure:7223: $? = 0
configure:7239: result: yes
configure:7255: checking for dlfcn.h
configure:7276: gcc -c -g -O2  conftest.c >&5
configure:7282: $? = 0
configure:7298: result: yes
configure:7427: checking for C++ compiler version
configure:7434: g++ --version >&5
g++ (Ubuntu 4.3.2-1ubuntu12) 4.3.2
Copyright (C) 2008 Free Software Foundation, Inc.
This is free software; see the source for copying conditions.  There is NO
warranty; not even for MERCHANTABILITY or FITNESS FOR A PARTICULAR PURPOSE.

configure:7437: $? = 0
configure:7444: g++ -v >&5
Using built-in specs.
Target: i486-linux-gnu
Configured with: ../src/configure -v --with-pkgversion='Ubuntu 4.3.2-1ubuntu12' --with-bugurl=file:///usr/share/doc/gcc-4.3/README.Bugs --enable-languages=c,c++,fortran,objc,obj-c++ --prefix=/usr --enable-shared --with-system-zlib --libexecdir=/usr/lib --without-included-gettext --enable-threads=posix --enable-nls --with-gxx-include-dir=/usr/include/c++/4.3 --program-suffix=-4.3 --enable-clocale=gnu --enable-libstdcxx-debug --enable-objc-gc --enable-mpfr --enable-targets=all --enable-checking=release --build=i486-linux-gnu --host=i486-linux-gnu --target=i486-linux-gnu
Thread model: posix
gcc version 4.3.2 (Ubuntu 4.3.2-1ubuntu12) 
configure:7447: $? = 0
configure:7454: g++ -V >&5
g++: '-V' option must have argument
configure:7457: $? = 1
configure:7460: checking whether we are using the GNU C++ compiler
configure:7512: result: yes
configure:7517: checking whether g++ accepts -g
configure:7652: result: yes
configure:7677: checking dependency style of g++
configure:7768: result: gcc3
configure:7791: checking how to run the C++ preprocessor
configure:7827: g++ -E  conftest.cpp
configure:7833: $? = 0
configure:7864: g++ -E  conftest.cpp
conftest.cpp:21:28: error: ac_nonexistent.h: No such file or directory
configure:7870: $? = 1
configure: failed program was:
| /* confdefs.h.  */
| #define PACKAGE_NAME ""
| #define PACKAGE_TARNAME ""
| #define PACKAGE_VERSION ""
| #define PACKAGE_STRING ""
| #define PACKAGE_BUGREPORT ""
| #define PACKAGE "widgetcurses"
| #define VERSION "0.1"
| #define STDC_HEADERS 1
| #define HAVE_SYS_TYPES_H 1
| #define HAVE_SYS_STAT_H 1
| #define HAVE_STDLIB_H 1
| #define HAVE_STRING_H 1
| #define HAVE_MEMORY_H 1
| #define HAVE_STRINGS_H 1
| #define HAVE_INTTYPES_H 1
| #define HAVE_STDINT_H 1
| #define HAVE_UNISTD_H 1
| #define HAVE_DLFCN_H 1
| /* end confdefs.h.  */
| #include <ac_nonexistent.h>
configure:7903: result: g++ -E
configure:7932: g++ -E  conftest.cpp
configure:7938: $? = 0
configure:7969: g++ -E  conftest.cpp
conftest.cpp:21:28: error: ac_nonexistent.h: No such file or directory
configure:7975: $? = 1
configure: failed program was:
| /* confdefs.h.  */
| #define PACKAGE_NAME ""
| #define PACKAGE_TARNAME ""
| #define PACKAGE_VERSION ""
| #define PACKAGE_STRING ""
| #define PACKAGE_BUGREPORT ""
| #define PACKAGE "widgetcurses"
| #define VERSION "0.1"
| #define STDC_HEADERS 1
| #define HAVE_SYS_TYPES_H 1
| #define HAVE_SYS_STAT_H 1
| #define HAVE_STDLIB_H 1
| #define HAVE_STRING_H 1
| #define HAVE_MEMORY_H 1
| #define HAVE_STRINGS_H 1
| #define HAVE_INTTYPES_H 1
| #define HAVE_STDINT_H 1
| #define HAVE_UNISTD_H 1
| #define HAVE_DLFCN_H 1
| /* end confdefs.h.  */
| #include <ac_nonexistent.h>
configure:8187: checking for objdir
configure:8202: result: .libs
configure:8494: checking if gcc supports -fno-rtti -fno-exceptions
configure:8512: gcc -c -g -O2  -fno-rtti -fno-exceptions conftest.c >&5
cc1: warning: command line option "-fno-rtti" is valid for C++/ObjC++ but not for C
configure:8516: $? = 0
configure:8529: result: no
configure:8549: checking for gcc option to produce PIC
configure:8806: result: -fPIC -DPIC
configure:8818: checking if gcc PIC flag -fPIC -DPIC works
configure:8836: gcc -c -g -O2  -fPIC -DPIC -DPIC conftest.c >&5
configure:8840: $? = 0
configure:8853: result: yes
configure:8877: checking if gcc static flag -static works
configure:8905: result: yes
configure:8920: checking if gcc supports -c -o file.o
configure:8941: gcc -c -g -O2  -o out/conftest2.o conftest.c >&5
configure:8945: $? = 0
configure:8967: result: yes
configure:8975: checking if gcc supports -c -o file.o
configure:9022: result: yes
configure:9055: checking whether the gcc linker (/usr/bin/ld) supports shared libraries
configure:10110: result: yes
configure:10147: checking whether -lc should be explicitly linked in
configure:10152: gcc -c -g -O2  conftest.c >&5
configure:10155: $? = 0
configure:10170: gcc -shared conftest.o  -v -Wl,-soname -Wl,conftest -o conftest 2\>\&1 \| /bin/grep  -lc  \>/dev/null 2\>\&1
configure:10173: $? = 0
configure:10185: result: no
configure:10349: checking dynamic linker characteristics
configure:10792: gcc -o conftest -g -O2   -Wl,-rpath -Wl,/foo conftest.c  >&5
configure:10798: $? = 0
configure:11040: result: GNU/Linux ld.so
configure:11142: checking how to hardcode library paths into programs
configure:11167: result: immediate
configure:11980: checking whether stripping libraries is possible
configure:11985: result: yes
configure:12020: checking if libtool supports shared libraries
configure:12022: result: yes
configure:12025: checking whether to build shared libraries
configure:12046: result: yes
configure:12049: checking whether to build static libraries
configure:12053: result: yes
configure:12203: checking for ld used by g++
configure:12270: result: /usr/bin/ld
configure:12279: checking if the linker (/usr/bin/ld) is GNU ld
configure:12294: result: yes
configure:12349: checking whether the g++ linker (/usr/bin/ld) supports shared libraries
configure:13311: result: yes
configure:13339: g++ -c -O0 -g3  conftest.cpp >&5
configure:13342: $? = 0
configure:13524: checking for g++ option to produce PIC
configure:13833: result: -fPIC -DPIC
configure:13842: checking if g++ PIC flag -fPIC -DPIC works
configure:13860: g++ -c -O0 -g3  -fPIC -DPIC -DPIC conftest.cpp >&5
configure:13864: $? = 0
configure:13877: result: yes
configure:13898: checking if g++ static flag -static works
configure:13926: result: yes
configure:13938: checking if g++ supports -c -o file.o
configure:13959: g++ -c -O0 -g3  -o out/conftest2.o conftest.cpp >&5
configure:13963: $? = 0
configure:13985: result: yes
configure:13990: checking if g++ supports -c -o file.o
configure:14037: result: yes
configure:14067: checking whether the g++ linker (/usr/bin/ld) supports shared libraries
configure:14096: result: yes
configure:14233: checking dynamic linker characteristics
configure:14624: g++ -o conftest -O0 -g3   -Wl,-rpath -Wl,/foo conftest.cpp  >&5
configure:14630: $? = 0
configure:14872: result: GNU/Linux ld.so
configure:14923: checking how to hardcode library paths into programs
configure:14948: result: immediate
configure:15057: checking for pkg-config
configure:15075: found /usr/bin/pkg-config
configure:15087: result: /usr/bin/pkg-config
configure:15116: checking pkg-config is at least version 0.9.0
configure:15119: result: yes
configure:15130: checking for CCDELEGATES
configure:15138: $PKG_CONFIG --exists --print-errors "sigc++-2.0"
configure:15141: $? = 0
configure:15156: $PKG_CONFIG --exists --print-errors "sigc++-2.0"
configure:15159: $? = 0
configure:15235: result: yes
configure:15259: checking ncurses.h usability
configure:15276: g++ -c -O0 -g3  conftest.cpp >&5
configure:15282: $? = 0
configure:15296: result: yes
configure:15300: checking ncurses.h presence
configure:15315: g++ -E  conftest.cpp
configure:15321: $? = 0
configure:15335: result: yes
configure:15363: checking for ncurses.h
configure:15370: result: yes
configure:15385: checking for refresh in -lncurses
configure:15420: g++ -o conftest -O0 -g3   conftest.cpp -lncurses -lncurses  >&5
configure:15426: $? = 0
configure:15444: result: yes
configure:15628: creating ./config.status

## ---------------------- ##
## Running config.status. ##
## ---------------------- ##

This file was extended by config.status, which was
generated by GNU Autoconf 2.61.  Invocation command line was

  CONFIG_FILES    = 
  CONFIG_HEADERS  = 
  CONFIG_LINKS    = 
  CONFIG_COMMANDS = 
  $ ./config.status 

on linuxhsrv

config.status:896: creating Makefile
config.status:896: creating src/Makefile
config.status:896: creating src/libWidgetCurses/Makefile
config.status:1080: executing depfiles commands
config.status:1080: executing libtool commands

## ---------------- ##
## Cache variables. ##
## ---------------- ##

ac_cv_build=i686-pc-linux-gnu
ac_cv_c_compiler_gnu=yes
ac_cv_cxx_compiler_gnu=yes
ac_cv_env_CCC_set=
ac_cv_env_CCC_value=
ac_cv_env_CCDELEGATES_CFLAGS_set=
ac_cv_env_CCDELEGATES_CFLAGS_value=
ac_cv_env_CCDELEGATES_LIBS_set=
ac_cv_env_CCDELEGATES_LIBS_value=
ac_cv_env_CC_set=
ac_cv_env_CC_value=
ac_cv_env_CFLAGS_set=
ac_cv_env_CFLAGS_value=
ac_cv_env_CPPFLAGS_set=
ac_cv_env_CPPFLAGS_value=
ac_cv_env_CPP_set=
ac_cv_env_CPP_value=
ac_cv_env_CXXCPP_set=
ac_cv_env_CXXCPP_value=
ac_cv_env_CXXFLAGS_set=set
ac_cv_env_CXXFLAGS_value='-O0 -g3'
ac_cv_env_CXX_set=
ac_cv_env_CXX_value=
ac_cv_env_LDFLAGS_set=
ac_cv_env_LDFLAGS_value=
ac_cv_env_LIBS_set=
ac_cv_env_LIBS_value=
ac_cv_env_PKG_CONFIG_set=
ac_cv_env_PKG_CONFIG_value=
ac_cv_env_build_alias_set=
ac_cv_env_build_alias_value=
ac_cv_env_host_alias_set=
ac_cv_env_host_alias_value=
ac_cv_env_target_alias_set=
ac_cv_env_target_alias_value=
ac_cv_header_dlfcn_h=yes
ac_cv_header_inttypes_h=yes
ac_cv_header_memory_h=yes
ac_cv_header_ncurses_h=yes
ac_cv_header_stdc=yes
ac_cv_header_stdint_h=yes
ac_cv_header_stdlib_h=yes
ac_cv_header_string_h=yes
ac_cv_header_strings_h=yes
ac_cv_header_sys_stat_h=yes
ac_cv_header_sys_types_h=yes
ac_cv_header_unistd_h=yes
ac_cv_host=i686-pc-linux-gnu
ac_cv_lib_ncurses_refresh=yes
ac_cv_objext=o
ac_cv_path_EGREP='/bin/grep -E'
ac_cv_path_FGREP='/bin/grep -F'
ac_cv_path_GREP=/bin/grep
ac_cv_path_SED=/bin/sed
ac_cv_path_ac_pt_PKG_CONFIG=/usr/bin/pkg-config
ac_cv_path_install='/usr/bin/install -c'
ac_cv_path_mkdir=/bin/mkdir
ac_cv_prog_AWK=gawk
ac_cv_prog_CPP='gcc -E'
ac_cv_prog_CXXCPP='g++ -E'
ac_cv_prog_ac_ct_AR=ar
ac_cv_prog_ac_ct_CC=gcc
ac_cv_prog_ac_ct_CXX=g++
ac_cv_prog_ac_ct_RANLIB=ranlib
ac_cv_prog_ac_ct_STRIP=strip
ac_cv_prog_cc_c89=
ac_cv_prog_cc_g=yes
ac_cv_prog_cxx_g=yes
ac_cv_prog_make_make_set=yes
am_cv_CC_dependencies_compiler_type=gcc3
am_cv_CXX_dependencies_compiler_type=gcc3
lt_cv_deplibs_check_method=pass_all
lt_cv_file_magic_cmd='$MAGIC_CMD'
lt_cv_file_magic_test_file=
lt_cv_ld_reload_flag=-r
lt_cv_nm_interface='BSD nm'
lt_cv_objdir=.libs
lt_cv_path_LD=/usr/bin/ld
lt_cv_path_LDCXX=/usr/bin/ld
lt_cv_path_NM='/usr/bin/nm -B'
lt_cv_prog_compiler_c_o=yes
lt_cv_prog_compiler_c_o_CXX=yes
lt_cv_prog_compiler_pic_works=yes
lt_cv_prog_compiler_pic_works_CXX=yes
lt_cv_prog_compiler_rtti_exceptions=no
lt_cv_prog_compiler_static_works=yes
lt_cv_prog_compiler_static_works_CXX=yes
lt_cv_prog_gnu_ld=yes
lt_cv_prog_gnu_ldcxx=yes
lt_cv_sys_global_symbol_pipe='sed -n -e '\''s/^.*[	 ]\([ABCDGIRSTW][ABCDGIRSTW]*\)[	 ][	 ]*\([_A-Za-z][_A-Za-z0-9]*\)$/\1 \2 \2/p'\'''
lt_cv_sys_global_symbol_to_c_name_address='sed -n -e '\''s/^: \([^ ]*\) $/  {\"\1\", (void *) 0},/p'\'' -e '\''s/^[ABCDGIRSTW]* \([^ ]*\) \([^ ]*\)$/  {"\2", (void *) \&\2},/p'\'''
lt_cv_sys_global_symbol_to_c_name_address_lib_prefix='sed -n -e '\''s/^: \([^ ]*\) $/  {\"\1\", (void *) 0},/p'\'' -e '\''s/^[ABCDGIRSTW]* \([^ ]*\) \(lib[^ ]*\)$/  {"\2", (void *) \&\2},/p'\'' -e '\''s/^[ABCDGIRSTW]* \([^ ]*\) \([^ ]*\)$/  {"lib\2", (void *) \&\2},/p'\'''
lt_cv_sys_global_symbol_to_cdecl='sed -n -e '\''s/^T .* \(.*\)$/extern int \1();/p'\'' -e '\''s/^[ABCDGIRSTW]* .* \(.*\)$/extern char \1;/p'\'''
lt_cv_sys_max_cmd_len=1572864
pkg_cv_CCDELEGATES_CFLAGS='-I/usr/include/sigc++-2.0 -I/usr/lib/sigc++-2.0/include  '
pkg_cv_CCDELEGATES_LIBS='-lsigc-2.0  '

## ----------------- ##
## Output variables. ##
## ----------------- ##

ACLOCAL='${SHELL} /public/development/console/WidgetCurses/missing --run aclocal-1.10'
AMDEPBACKSLASH='\'
AMDEP_FALSE='#'
AMDEP_TRUE=''
AMTAR='${SHELL} /public/development/console/WidgetCurses/missing --run tar'
AR='ar'
AUTOCONF='${SHELL} /public/development/console/WidgetCurses/missing --run autoconf'
AUTOHEADER='${SHELL} /public/development/console/WidgetCurses/missing --run autoheader'
AUTOMAKE='${SHELL} /public/development/console/WidgetCurses/missing --run automake-1.10'
AWK='gawk'
CC='gcc'
CCDELEGATES_CFLAGS='-I/usr/include/sigc++-2.0 -I/usr/lib/sigc++-2.0/include  '
CCDELEGATES_LIBS='-lsigc-2.0  '
CCDEPMODE='depmode=gcc3'
CFLAGS='-g -O2'
CPP='gcc -E'
CPPFLAGS=''
CXX='g++'
CXXCPP='g++ -E'
CXXDEPMODE='depmode=gcc3'
CXXFLAGS='-O0 -g3'
CYGPATH_W='echo'
DEFS='-DPACKAGE_NAME=\"\" -DPACKAGE_TARNAME=\"\" -DPACKAGE_VERSION=\"\" -DPACKAGE_STRING=\"\" -DPACKAGE_BUGREPORT=\"\" -DPACKAGE=\"widgetcurses\" -DVERSION=\"0.1\" -DSTDC_HEADERS=1 -DHAVE_SYS_TYPES_H=1 -DHAVE_SYS_STAT_H=1 -DHAVE_STDLIB_H=1 -DHAVE_STRING_H=1 -DHAVE_MEMORY_H=1 -DHAVE_STRINGS_H=1 -DHAVE_INTTYPES_H=1 -DHAVE_STDINT_H=1 -DHAVE_UNISTD_H=1 -DHAVE_DLFCN_H=1 -DLT_OBJDIR=\".libs/\" -DHAVE_LIBNCURSES=1'
DEPDIR='.deps'
DSYMUTIL=''
DUMPBIN=''
ECHO_C=''
ECHO_N='-n'
ECHO_T=''
EGREP='/bin/grep -E'
EXEEXT=''
FGREP='/bin/grep -F'
GREP='/bin/grep'
INSTALL_DATA='${INSTALL} -m 644'
INSTALL_PROGRAM='${INSTALL}'
INSTALL_SCRIPT='${INSTALL}'
INSTALL_STRIP_PROGRAM='$(install_sh) -c -s'
LD='/usr/bin/ld'
LDFLAGS=''
LIBOBJS=''
LIBS='-lncurses '
LIBTOOL='$(SHELL) $(top_builddir)/libtool'
LIPO=''
LN_S='ln -s'
LTLIBOBJS=''
MAKEINFO='${SHELL} /public/development/console/WidgetCurses/missing --run makeinfo'
NM='/usr/bin/nm -B'
NMEDIT=''
OBJEXT='o'
OTOOL64=''
OTOOL=''
PACKAGE='widgetcurses'
PACKAGE_BUGREPORT=''
PACKAGE_NAME=''
PACKAGE_STRING=''
PACKAGE_TARNAME=''
PACKAGE_VERSION=''
PATH_SEPARATOR=':'
PKG_CONFIG='/usr/bin/pkg-config'
RANLIB='ranlib'
SED='/bin/sed'
SET_MAKE=''
SHELL='/bin/bash'
STRIP='strip'
VERSION='0.1'
ac_ct_CC='gcc'
ac_ct_CXX='g++'
ac_ct_DUMPBIN=''
am__fastdepCC_FALSE='#'
am__fastdepCC_TRUE=''
am__fastdepCXX_FALSE='#'
am__fastdepCXX_TRUE=''
am__include='include'
am__isrc=' -I$(srcdir)'
am__leading_dot='.'
am__quote=''
am__tar='${AMTAR} chof - "$$tardir"'
am__untar='${AMTAR} xf -'
bindir='${exec_prefix}/bin'
build='i686-pc-linux-gnu'
build_alias=''
build_cpu='i686'
build_os='linux-gnu'
build_vendor='pc'
datadir='${datarootdir}'
datarootdir='${prefix}/share'
docdir='${datarootdir}/doc/${PACKAGE}'
dvidir='${docdir}'
exec_prefix='${prefix}'
host='i686-pc-linux-gnu'
host_alias=''
host_cpu='i686'
host_os='linux-gnu'
host_vendor='pc'
htmldir='${docdir}'
includedir='${prefix}/include'
infodir='${datarootdir}/info'
install_sh='$(SHELL) /public/development/console/WidgetCurses/install-sh'
libdir='${exec_prefix}/lib'
libexecdir='${exec_prefix}/libexec'
localedir='${datarootdir}/locale'
localstatedir='${prefix}/var'
lt_ECHO='echo'
mandir='${datarootdir}/man'
mkdir_p='/bin/mkdir -p'
oldincludedir='/usr/include'
pdfdir='${docdir}'
prefix='/usr/local'
program_transform_name='s,x,x,'
psdir='${docdir}'
sbindir='${exec_prefix}/sbin'
sharedstatedir='${prefix}/com'
sysconfdir='${prefix}/etc'
target_alias=''

## ----------- ##
## confdefs.h. ##
## ----------- ##

#define PACKAGE_NAME ""
#define PACKAGE_TARNAME ""
#define PACKAGE_VERSION ""
#define PACKAGE_STRING ""
#define PACKAGE_BUGREPORT ""
#define PACKAGE "widgetcurses"
#define VERSION "0.1"
#define STDC_HEADERS 1
#define HAVE_SYS_TYPES_H 1
#define HAVE_SYS_STAT_H 1
#define HAVE_STDLIB_H 1
#define HAVE_STRING_H 1
#define HAVE_MEMORY_H 1
#define HAVE_STRINGS_H 1
#define HAVE_INTTYPES_H 1
#define HAVE_STDINT_H 1
#define HAVE_UNISTD_H 1
#define HAVE_DLFCN_H 1
#define LT_OBJDIR ".libs/"
#define HAVE_LIBNCURSES 1

configure: exit 0

## ---------------------- ##
## Running config.status. ##
## ---------------------- ##

This file was extended by config.status, which was
generated by GNU Autoconf 2.61.  Invocation command line was

  CONFIG_FILES    = 
  CONFIG_HEADERS  = 
  CONFIG_LINKS    = 
  CONFIG_COMMANDS = 
  $ ./config.status src/libWidgetCurses/Makefile depfiles

on linuxhsrv

config.status:896: creating src/libWidgetCurses/Makefile
config.status:1080: executing depfiles commands

## ---------------------- ##
## Running config.status. ##
## ---------------------- ##

This file was extended by config.status, which was
generated by GNU Autoconf 2.61.  Invocation command line was

  CONFIG_FILES    = 
  CONFIG_HEADERS  = 
  CONFIG_LINKS    = 
  CONFIG_COMMANDS = 
  $ ./config.status src/libWidgetCurses/Makefile depfiles

on linuxhsrv

config.status:896: creating src/libWidgetCurses/Makefile
config.status:1080: executing depfiles commands

## ---------------------- ##
## Running config.status. ##
## ---------------------- ##

This file was extended by config.status, which was
generated by GNU Autoconf 2.61.  Invocation command line was

  CONFIG_FILES    = 
  CONFIG_HEADERS  = 
  CONFIG_LINKS    = 
  CONFIG_COMMANDS = 
  $ ./config.status src/libWidgetCurses/Makefile depfiles

on linuxhsrv

config.status:896: creating src/libWidgetCurses/Makefile
config.status:1080: executing depfiles commands

## ---------------------- ##
## Running config.status. ##
## ---------------------- ##

This file was extended by config.status, which was
generated by GNU Autoconf 2.61.  Invocation command line was

  CONFIG_FILES    = 
  CONFIG_HEADERS  = 
  CONFIG_LINKS    = 
  CONFIG_COMMANDS = 
  $ ./config.status src/libWidgetCurses/Makefile depfiles

on linuxhsrv

config.status:896: creating src/libWidgetCurses/Makefile
config.status:1080: executing depfiles commands

## ---------------------- ##
## Running config.status. ##
## ---------------------- ##

This file was extended by config.status, which was
generated by GNU Autoconf 2.61.  Invocation command line was

  CONFIG_FILES    = 
  CONFIG_HEADERS  = 
  CONFIG_LINKS    = 
  CONFIG_COMMANDS = 
  $ ./config.status src/libWidgetCurses/Makefile depfiles

on linuxhsrv

config.status:896: creating src/libWidgetCurses/Makefile
config.status:1080: executing depfiles commands

## ---------------------- ##
## Running config.status. ##
## ---------------------- ##

This file was extended by config.status, which was
generated by GNU Autoconf 2.61.  Invocation command line was

  CONFIG_FILES    = 
  CONFIG_HEADERS  = 
  CONFIG_LINKS    = 
  CONFIG_COMMANDS = 
  $ ./config.status src/Makefile depfiles

on linuxhsrv

config.status:896: creating src/Makefile
config.status:1080: executing depfiles commands

## ---------------------- ##
## Running config.status. ##
## ---------------------- ##

This file was extended by config.status, which was
generated by GNU Autoconf 2.61.  Invocation command line was

  CONFIG_FILES    = 
  CONFIG_HEADERS  = 
  CONFIG_LINKS    = 
  CONFIG_COMMANDS = 
  $ ./config.status src/Makefile depfiles

on linuxhsrv

config.status:896: creating src/Makefile
config.status:1080: executing depfiles commands

## ---------------------- ##
## Running config.status. ##
## ---------------------- ##

This file was extended by config.status, which was
generated by GNU Autoconf 2.61.  Invocation command line was

  CONFIG_FILES    = 
  CONFIG_HEADERS  = 
  CONFIG_LINKS    = 
  CONFIG_COMMANDS = 
  $ ./config.status src/Makefile depfiles

on linuxhsrv

config.status:896: creating src/Makefile
config.status:1080: executing depfiles commands

## ---------------------- ##
## Running config.status. ##
## ---------------------- ##

This file was extended by config.status, which was
generated by GNU Autoconf 2.61.  Invocation command line was

  CONFIG_FILES    = 
  CONFIG_HEADERS  = 
  CONFIG_LINKS    = 
  CONFIG_COMMANDS = 
  $ ./config.status src/Makefile depfiles

on linuxhsrv

config.status:896: creating src/Makefile
config.status:1080: executing depfiles commands

## ---------------------- ##
## Running config.status. ##
## ---------------------- ##

This file was extended by config.status, which was
generated by GNU Autoconf 2.61.  Invocation command line was

  CONFIG_FILES    = 
  CONFIG_HEADERS  = 
  CONFIG_LINKS    = 
  CONFIG_COMMANDS = 
  $ ./config.status src/libWidgetCurses/Makefile depfiles

on linuxhsrv

config.status:896: creating src/libWidgetCurses/Makefile
config.status:1080: executing depfiles commands

## ---------------------- ##
## Running config.status. ##
## ---------------------- ##

This file was extended by config.status, which was
generated by GNU Autoconf 2.61.  Invocation command line was

  CONFIG_FILES    = 
  CONFIG_HEADERS  = 
  CONFIG_LINKS    = 
  CONFIG_COMMANDS = 
  $ ./config.status src/Makefile depfiles

on linuxhsrv

config.status:896: creating src/Makefile
config.status:1080: executing depfiles commands

## ---------------------- ##
## Running config.status. ##
## ---------------------- ##

This file was extended by config.status, which was
generated by GNU Autoconf 2.61.  Invocation command line was

  CONFIG_FILES    = 
  CONFIG_HEADERS  = 
  CONFIG_LINKS    = 
  CONFIG_COMMANDS = 
  $ ./config.status src/libWidgetCurses/Makefile depfiles

on linuxhsrv

config.status:896: creating src/libWidgetCurses/Makefile
config.status:1080: executing depfiles commands

## ---------------------- ##
## Running config.status. ##
## ---------------------- ##

This file was extended by config.status, which was
generated by GNU Autoconf 2.61.  Invocation command line was

  CONFIG_FILES    = 
  CONFIG_HEADERS  = 
  CONFIG_LINKS    = 
  CONFIG_COMMANDS = 
  $ ./config.status src/libWidgetCurses/Makefile depfiles

on linuxhsrv

config.status:896: creating src/libWidgetCurses/Makefile
config.status:1080: executing depfiles commands

## ---------------------- ##
## Running config.status. ##
## ---------------------- ##

This file was extended by config.status, which was
generated by GNU Autoconf 2.61.  Invocation command line was

  CONFIG_FILES    = 
  CONFIG_HEADERS  = 
  CONFIG_LINKS    = 
  CONFIG_COMMANDS = 
  $ ./config.status src/libWidgetCurses/Makefile depfiles

on linuxhsrv

config.status:896: creating src/libWidgetCurses/Makefile
config.status:1080: executing depfiles commands

## ---------------------- ##
## Running config.status. ##
## ---------------------- ##

This file was extended by config.status, which was
generated by GNU Autoconf 2.61.  Invocation command line was

  CONFIG_FILES    = 
  CONFIG_HEADERS  = 
  CONFIG_LINKS    = 
  CONFIG_COMMANDS = 
  $ ./config.status src/Makefile depfiles

on linuxhsrv

config.status:896: creating src/Makefile
config.status:1080: executing depfiles commands

## ---------------------- ##
## Running config.status. ##
## ---------------------- ##

This file was extended by config.status, which was
generated by GNU Autoconf 2.61.  Invocation command line was

  CONFIG_FILES    = 
  CONFIG_HEADERS  = 
  CONFIG_LINKS    = 
  CONFIG_COMMANDS = 
  $ ./config.status src/libWidgetCurses/Makefile depfiles

on linuxhsrv

config.status:896: creating src/libWidgetCurses/Makefile
config.status:1080: executing depfiles commands

## ---------------------- ##
## Running config.status. ##
## ---------------------- ##

This file was extended by config.status, which was
generated by GNU Autoconf 2.61.  Invocation command line was

  CONFIG_FILES    = 
  CONFIG_HEADERS  = 
  CONFIG_LINKS    = 
  CONFIG_COMMANDS = 
  $ ./config.status src/libWidgetCurses/Makefile depfiles

on linuxhsrv

config.status:896: creating src/libWidgetCurses/Makefile
config.status:1080: executing depfiles commands

## ---------------------- ##
## Running config.status. ##
## ---------------------- ##

This file was extended by config.status, which was
generated by GNU Autoconf 2.61.  Invocation command line was

  CONFIG_FILES    = 
  CONFIG_HEADERS  = 
  CONFIG_LINKS    = 
  CONFIG_COMMANDS = 
  $ ./config.status src/libWidgetCurses/Makefile depfiles

on linuxhsrv

config.status:896: creating src/libWidgetCurses/Makefile
config.status:1080: executing depfiles commands

## ---------------------- ##
## Running config.status. ##
## ---------------------- ##

This file was extended by config.status, which was
generated by GNU Autoconf 2.61.  Invocation command line was

  CONFIG_FILES    = 
  CONFIG_HEADERS  = 
  CONFIG_LINKS    = 
  CONFIG_COMMANDS = 
  $ ./config.status src/libWidgetCurses/Makefile depfiles

on linuxhsrv

config.status:896: creating src/libWidgetCurses/Makefile
config.status:1080: executing depfiles commands

## ---------------------- ##
## Running config.status. ##
## ---------------------- ##

This file was extended by config.status, which was
generated by GNU Autoconf 2.61.  Invocation command line was

  CONFIG_FILES    = 
  CONFIG_HEADERS  = 
  CONFIG_LINKS    = 
  CONFIG_COMMANDS = 
  $ ./config.status src/libWidgetCurses/Makefile depfiles

on linuxhsrv

config.status:896: creating src/libWidgetCurses/Makefile
config.status:1080: executing depfiles commands

## ---------------------- ##
## Running config.status. ##
## ---------------------- ##

This file was extended by config.status, which was
generated by GNU Autoconf 2.61.  Invocation command line was

  CONFIG_FILES    = 
  CONFIG_HEADERS  = 
  CONFIG_LINKS    = 
  CONFIG_COMMANDS = 
  $ ./config.status src/libWidgetCurses/Makefile depfiles

on linuxhsrv

config.status:896: creating src/libWidgetCurses/Makefile
config.status:1080: executing depfiles commands

## ---------------------- ##
## Running config.status. ##
## ---------------------- ##

This file was extended by config.status, which was
generated by GNU Autoconf 2.61.  Invocation command line was

  CONFIG_FILES    = 
  CONFIG_HEADERS  = 
  CONFIG_LINKS    = 
  CONFIG_COMMANDS = 
  $ ./config.status src/libWidgetCurses/Makefile depfiles

on linuxhsrv

config.status:896: creating src/libWidgetCurses/Makefile
config.status:1080: executing depfiles commands

## ---------------------- ##
## Running config.status. ##
## ---------------------- ##

This file was extended by config.status, which was
generated by GNU Autoconf 2.61.  Invocation command line was

  CONFIG_FILES    = 
  CONFIG_HEADERS  = 
  CONFIG_LINKS    = 
  CONFIG_COMMANDS = 
  $ ./config.status src/libWidgetCurses/Makefile depfiles

on linuxhsrv

config.status:896: creating src/libWidgetCurses/Makefile
config.status:1080: executing depfiles commands

## ---------------------- ##
## Running config.status. ##
## ---------------------- ##

This file was extended by config.status, which was
generated by GNU Autoconf 2.61.  Invocation command line was

  CONFIG_FILES    = 
  CONFIG_HEADERS  = 
  CONFIG_LINKS    = 
  CONFIG_COMMANDS = 
  $ ./config.status src/libWidgetCurses/Makefile depfiles

on linuxhsrv

config.status:896: creating src/libWidgetCurses/Makefile
config.status:1080: executing depfiles commands

## ---------------------- ##
## Running config.status. ##
## ---------------------- ##

This file was extended by config.status, which was
generated by GNU Autoconf 2.61.  Invocation command line was

  CONFIG_FILES    = 
  CONFIG_HEADERS  = 
  CONFIG_LINKS    = 
  CONFIG_COMMANDS = 
  $ ./config.status src/libWidgetCurses/Makefile depfiles

on linuxhsrv

config.status:896: creating src/libWidgetCurses/Makefile
config.status:1080: executing depfiles commands

## ---------------------- ##
## Running config.status. ##
## ---------------------- ##

This file was extended by config.status, which was
generated by GNU Autoconf 2.61.  Invocation command line was

  CONFIG_FILES    = 
  CONFIG_HEADERS  = 
  CONFIG_LINKS    = 
  CONFIG_COMMANDS = 
  $ ./config.status src/libWidgetCurses/Makefile depfiles

on linuxhsrv

config.status:896: creating src/libWidgetCurses/Makefile
config.status:1080: executing depfiles commands

## ---------------------- ##
## Running config.status. ##
## ---------------------- ##

This file was extended by config.status, which was
generated by GNU Autoconf 2.61.  Invocation command line was

  CONFIG_FILES    = 
  CONFIG_HEADERS  = 
  CONFIG_LINKS    = 
  CONFIG_COMMANDS = 
  $ ./config.status src/libWidgetCurses/Makefile depfiles

on linuxhsrv

config.status:896: creating src/libWidgetCurses/Makefile
config.status:1080: executing depfiles commands

## ---------------------- ##
## Running config.status. ##
## ---------------------- ##

This file was extended by config.status, which was
generated by GNU Autoconf 2.61.  Invocation command line was

  CONFIG_FILES    = 
  CONFIG_HEADERS  = 
  CONFIG_LINKS    = 
  CONFIG_COMMANDS = 
  $ ./config.status src/libWidgetCurses/Makefile depfiles

on linuxhsrv

config.status:896: creating src/libWidgetCurses/Makefile
config.status:1080: executing depfiles commands

## ---------------------- ##
## Running config.status. ##
## ---------------------- ##

This file was extended by config.status, which was
generated by GNU Autoconf 2.61.  Invocation command line was

  CONFIG_FILES    = 
  CONFIG_HEADERS  = 
  CONFIG_LINKS    = 
  CONFIG_COMMANDS = 
  $ ./config.status src/libWidgetCurses/Makefile depfiles

on linuxhsrv

config.status:896: creating src/libWidgetCurses/Makefile
config.status:1080: executing depfiles commands

## ---------------------- ##
## Running config.status. ##
## ---------------------- ##

This file was extended by config.status, which was
generated by GNU Autoconf 2.61.  Invocation command line was

  CONFIG_FILES    = 
  CONFIG_HEADERS  = 
  CONFIG_LINKS    = 
  CONFIG_COMMANDS = 
  $ ./config.status src/libWidgetCurses/Makefile depfiles

on linuxhsrv

config.status:896: creating src/libWidgetCurses/Makefile
config.status:1080: executing depfiles commands
